<?xml version="1.0" encoding="UTF-8"?>
<!-- Generated by org.testng.reporters.JUnitReportReporter -->
<testsuite skipped="0" hostname="Shakamuri-PC" name="com.disneyland.qa.testcases.RegistraionPageTest" tests="1" failures="0" timestamp="01 Jun 2018 00:48:11 GMT" time="45.133" errors="0">
  <testcase name="SelectTitleTest" time="45.133" classname="com.disneyland.qa.testcases.RegistraionPageTest"/>
</testsuite> <!-- com.disneyland.qa.testcases.RegistraionPageTest -->
