<?xml version="1.0" encoding="UTF-8"?>
<!-- Generated by org.testng.reporters.JUnitReportReporter -->
<testsuite skipped="0" hostname="Shakamuri-PC" name="com.disneyland.qa.testcases.HomePageTest" tests="3" failures="0" timestamp="28 May 2018 17:11:57 GMT" time="143.755" errors="0">
  <testcase name="ValidateGlobalHeaderLinksTest" time="70.910" classname="com.disneyland.qa.testcases.HomePageTest"/>
  <testcase name="HotelFromCartLinkTest" time="38.804" classname="com.disneyland.qa.testcases.HomePageTest"/>
  <testcase name="ClickonSignInTest" time="34.041" classname="com.disneyland.qa.testcases.HomePageTest"/>
</testsuite> <!-- com.disneyland.qa.testcases.HomePageTest -->
