<?xml version="1.0" encoding="UTF-8"?>
<!-- Generated by org.testng.reporters.JUnitReportReporter -->
<testsuite skipped="0" hostname="Shakamuri-PC" name="com.disneyland.qa.testcases.LoginPageTest" tests="3" failures="0" timestamp="27 May 2018 09:21:12 GMT" time="106.309" errors="0">
  <testcase name="LoginPageTitleTest" time="32.476" classname="com.disneyland.qa.testcases.LoginPageTest"/>
  <testcase name="LoginPageLogoTest" time="32.224" classname="com.disneyland.qa.testcases.LoginPageTest"/>
  <testcase name="LoginTest" time="41.609" classname="com.disneyland.qa.testcases.LoginPageTest"/>
</testsuite> <!-- com.disneyland.qa.testcases.LoginPageTest -->
